lib/src/pdfnet-demo-utils/build/intermediates/manifest_merge_blame_file/debug/manifest-merger-blame-debug-report.txt
1<?xml version="1.0" encoding="utf-8"?>
2<manifest xmlns:android="http://schemas.android.com/apk/res/android"
3    xmlns:tools="http://schemas.android.com/tools"
4    package="com.pdftron.demo" >
5
6    <uses-sdk
7        android:minSdkVersion="16"
7-->src\main\AndroidManifest.xml
8        android:targetSdkVersion="31" />
8-->src\main\AndroidManifest.xml
9
10    <application>
10-->src\main\AndroidManifest.xml:5:5-26:19
11        <provider
11-->src\main\AndroidManifest.xml:6:9-9:40
12            android:name="com.pdftron.demo.utils.PDFTronDemoInitializer"
12-->src\main\AndroidManifest.xml:7:13-57
13            android:authorities="${applicationId}.pdftron-demo"
13-->src\main\AndroidManifest.xml:8:13-64
14            android:exported="false" />
14-->src\main\AndroidManifest.xml:9:13-37
15        <provider
15-->src\main\AndroidManifest.xml:11:9-14:35
16            android:name="com.pdftron.pdf.utils.PDFTronToolsInitializer"
16-->src\main\AndroidManifest.xml:12:13-73
17            android:authorities="${applicationId}.pdftron-tools"
17-->src\main\AndroidManifest.xml:13:13-65
18            tools:node="remove" />
18-->src\main\AndroidManifest.xml:14:13-32
19        <provider
19-->src\main\AndroidManifest.xml:16:9-24:20
20            android:name="com.pdftron.pdf.utils.ShareProvider"
20-->src\main\AndroidManifest.xml:17:13-63
21            android:authorities="${applicationId}.pdftron.fileprovider"
21-->src\main\AndroidManifest.xml:18:13-72
22            android:exported="false"
22-->src\main\AndroidManifest.xml:19:13-37
23            android:grantUriPermissions="true" >
23-->src\main\AndroidManifest.xml:20:13-47
24            <meta-data
24-->src\main\AndroidManifest.xml:21:13-23:66
25                android:name="android.support.FILE_PROVIDER_PATHS"
25-->src\main\AndroidManifest.xml:22:17-67
26                android:resource="@xml/pdftron_provider_paths" />
26-->src\main\AndroidManifest.xml:23:17-63
27        </provider>
28    </application>
29
30</manifest>